[2018-12-15 11:57:59 +0800] [6421] [INFO] Starting gunicorn 19.9.0
[2018-12-15 11:57:59 +0800] [6421] [INFO] Listening at: http://0.0.0.0:8000 (6421)
[2018-12-15 11:57:59 +0800] [6421] [INFO] Using worker: sync
[2018-12-15 11:57:59 +0800] [6424] [INFO] Booting worker with pid: 6424
[2018-12-15 11:57:59 +0800] [6432] [INFO] Booting worker with pid: 6432
[2018-12-15 11:57:59 +0800] [6440] [INFO] Booting worker with pid: 6440
[2018-12-15 11:58:15 +0800] [6421] [INFO] Handling signal: int
[2018-12-15 11:58:15 +0800] [6440] [INFO] Worker exiting (pid: 6440)
[2018-12-15 11:58:15 +0800] [6432] [INFO] Worker exiting (pid: 6432)
[2018-12-15 11:58:15 +0800] [6424] [INFO] Worker exiting (pid: 6424)
[2018-12-15 11:58:15 +0800] [6421] [INFO] Shutting down: Master
[2018-12-15 11:58:34 +0800] [6457] [INFO] Starting gunicorn 19.9.0
[2018-12-15 11:58:34 +0800] [6457] [INFO] Listening at: http://0.0.0.0:8000 (6457)
[2018-12-15 11:58:34 +0800] [6457] [INFO] Using worker: sync
[2018-12-15 11:58:34 +0800] [6460] [INFO] Booting worker with pid: 6460
[2018-12-15 11:58:34 +0800] [6468] [INFO] Booting worker with pid: 6468
[2018-12-15 11:58:34 +0800] [6476] [INFO] Booting worker with pid: 6476
[2018-12-15 11:59:38 +0800] [6457] [INFO] Handling signal: hup
[2018-12-15 11:59:38 +0800] [6457] [INFO] Hang up: Master
[2018-12-15 11:59:38 +0800] [6732] [INFO] Booting worker with pid: 6732
[2018-12-15 11:59:38 +0800] [6733] [INFO] Booting worker with pid: 6733
[2018-12-15 11:59:38 +0800] [6734] [INFO] Booting worker with pid: 6734
[2018-12-15 14:38:24 +0800] [6734] [INFO] Worker exiting (pid: 6734)
[2018-12-15 14:38:24 +0800] [6733] [INFO] Worker exiting (pid: 6733)
[2018-12-15 14:38:24 +0800] [6732] [INFO] Worker exiting (pid: 6732)
[2018-12-15 14:38:24 +0800] [13965] [INFO] Booting worker with pid: 13965
[2018-12-15 14:38:24 +0800] [14085] [INFO] Booting worker with pid: 14085
[2018-12-15 14:38:24 +0800] [14110] [INFO] Booting worker with pid: 14110
[2018-12-15 14:38:24 +0800] [6457] [INFO] Handling signal: hup
[2018-12-15 14:38:24 +0800] [6457] [INFO] Hang up: Master
[2018-12-15 14:38:25 +0800] [14159] [INFO] Booting worker with pid: 14159
[2018-12-15 14:38:25 +0800] [14160] [INFO] Booting worker with pid: 14160
[2018-12-15 14:38:25 +0800] [14085] [INFO] Worker exiting (pid: 14085)
[2018-12-15 14:38:25 +0800] [6457] [INFO] Handling signal: term
[2018-12-15 14:38:25 +0800] [14110] [INFO] Worker exiting (pid: 14110)
[2018-12-15 14:38:25 +0800] [13965] [INFO] Worker exiting (pid: 13965)
[2018-12-15 14:38:25 +0800] [14161] [INFO] Booting worker with pid: 14161
[2018-12-15 14:38:25 +0800] [14159] [INFO] Worker exiting (pid: 14159)
[2018-12-15 14:38:55 +0800] [6457] [INFO] Shutting down: Master
